0 info it worked if it ends with ok
1 verbose cli [ '/home/travis/.nvm/versions/node/v6.17.1/bin/node',
1 verbose cli   '/home/travis/.nvm/versions/node/v6.17.1/bin/npm',
1 verbose cli   'run',
1 verbose cli   'lint' ]
2 info using npm@3.10.10
3 info using node@v6.17.1
4 verbose run-script [ 'prelint', 'lint', 'postlint' ]
5 info lifecycle devit@0.0.0~prelint: devit@0.0.0
6 silly lifecycle devit@0.0.0~prelint: no script for prelint, continuing
7 info lifecycle devit@0.0.0~lint: devit@0.0.0
8 verbose lifecycle devit@0.0.0~lint: unsafe-perm in lifecycle true
9 verbose lifecycle devit@0.0.0~lint: PATH: /home/travis/.nvm/versions/node/v6.17.1/lib/node_modules/npm/bin/node-gyp-bin:/home/travis/build/skgtech/devit/node_modules/.bin:/home/travis/.rvm/gems/ruby-2.4.2/bin:/home/travis/.rvm/gems/ruby-2.4.2@global/bin:/home/travis/.rvm/rubies/ruby-2.4.2/bin:/home/travis/.rvm/bin:./node_modules/.bin:/home/travis/bin:/home/travis/.local/bin:/opt/pyenv/shims:/home/travis/.phpenv/shims:/home/travis/perl5/perlbrew/bin:/home/travis/.nvm/versions/node/v6.17.1/bin:/home/travis/.kiex/elixirs/elixir-1.4.5/bin:/home/travis/.kiex/bin:/home/travis/gopath/bin:/home/travis/.gimme/versions/go1.7.4.linux.amd64/bin:/usr/local/phantomjs/bin:/usr/local/phantomjs:/usr/local/neo4j-3.2.7/bin:/usr/local/maven-3.5.2/bin:/usr/local/cmake-3.9.2/bin:/usr/local/clang-5.0.0/bin:/usr/local/sbin:/usr/local/bin:/usr/sbin:/usr/bin:/sbin:/bin:/home/travis/.phpenv/bin:/opt/pyenv/bin:/home/travis/.yarn/bin
10 verbose lifecycle devit@0.0.0~lint: CWD: /home/travis/build/skgtech/devit
11 silly lifecycle devit@0.0.0~lint: Args: [ '-c',
11 silly lifecycle   'htmlproofer ./_site --file-ignore "/2015/,/2016/,/2017/,/2018/,/legacy/,/working/" --assume-extension true --check-opengraph true --check-html true --http_status_ignore 999' ]
12 silly lifecycle devit@0.0.0~lint: Returned: code: 1  signal: null
13 info lifecycle devit@0.0.0~lint: Failed to exec lint script
14 verbose stack Error: devit@0.0.0 lint: `htmlproofer ./_site --file-ignore "/2015/,/2016/,/2017/,/2018/,/legacy/,/working/" --assume-extension true --check-opengraph true --check-html true --http_status_ignore 999`
14 verbose stack Exit status 1
14 verbose stack     at EventEmitter.<anonymous> (/home/travis/.nvm/versions/node/v6.17.1/lib/node_modules/npm/lib/utils/lifecycle.js:255:16)
14 verbose stack     at emitTwo (events.js:106:13)
14 verbose stack     at EventEmitter.emit (events.js:191:7)
14 verbose stack     at ChildProcess.<anonymous> (/home/travis/.nvm/versions/node/v6.17.1/lib/node_modules/npm/lib/utils/spawn.js:40:14)
14 verbose stack     at emitTwo (events.js:106:13)
14 verbose stack     at ChildProcess.emit (events.js:191:7)
14 verbose stack     at maybeClose (internal/child_process.js:920:16)
14 verbose stack     at Process.ChildProcess._handle.onexit (internal/child_process.js:230:5)
15 verbose pkgid devit@0.0.0
16 verbose cwd /home/travis/build/skgtech/devit
17 error Linux 4.4.0-101-generic
18 error argv "/home/travis/.nvm/versions/node/v6.17.1/bin/node" "/home/travis/.nvm/versions/node/v6.17.1/bin/npm" "run" "lint"
19 error node v6.17.1
20 error npm  v3.10.10
21 error code ELIFECYCLE
22 error devit@0.0.0 lint: `htmlproofer ./_site --file-ignore "/2015/,/2016/,/2017/,/2018/,/legacy/,/working/" --assume-extension true --check-opengraph true --check-html true --http_status_ignore 999`
22 error Exit status 1
23 error Failed at the devit@0.0.0 lint script 'htmlproofer ./_site --file-ignore "/2015/,/2016/,/2017/,/2018/,/legacy/,/working/" --assume-extension true --check-opengraph true --check-html true --http_status_ignore 999'.
23 error Make sure you have the latest version of node.js and npm installed.
23 error If you do, this is most likely a problem with the devit package,
23 error not with npm itself.
23 error Tell the author that this fails on your system:
23 error     htmlproofer ./_site --file-ignore "/2015/,/2016/,/2017/,/2018/,/legacy/,/working/" --assume-extension true --check-opengraph true --check-html true --http_status_ignore 999
23 error You can get information on how to open an issue for this project with:
23 error     npm bugs devit
23 error Or if that isn't available, you can get their info via:
23 error     npm owner ls devit
23 error There is likely additional logging output above.
24 verbose exit [ 1, true ]
